#
# There is insufficient memory for the Java Runtime Environment to continue.
# Native memory allocation (mmap) failed to map 132120576 bytes for Failed to commit area from 0x0000000082800000 to 0x000000008a600000 of length 132120576.
# Possible reasons:
#   The system is out of physical RAM or swap space
#   The process is running with CompressedOops enabled, and the Java Heap may be blocking the growth of the native heap
# Possible solutions:
#   Reduce memory load on the system
#   Increase physical memory or swap space
#   Check if swap backing store is full
#   Decrease Java heap size (-Xmx/-Xms)
#   Decrease number of Java threads
#   Decrease Java thread stack sizes (-Xss)
#   Set larger code cache with -XX:ReservedCodeCacheSize=
#   JVM is running with Unscaled Compressed Oops mode in which the Java heap is
#     placed in the first 4GB address space. The Java Heap base address is the
#     maximum limit for the native heap growth. Please use -XX:HeapBaseMinAddress
#     to set the Java Heap base and to place the Java Heap above 4GB virtual address.
# This output file may be truncated or incomplete.
#
#  Out of Memory Error (./open/src/hotspot/os/windows/os_windows.cpp:3315), pid=18252, tid=1464
#
# JRE version:  (14.0.1+7) (build )
# Java VM: Java HotSpot(TM) 64-Bit Server VM (14.0.1+7, mixed mode, sharing, tiered, compressed oops, g1 gc, windows-amd64)
# No core dump will be written. Minidumps are not enabled by default on client versions of Windows
#

---------------  S U M M A R Y ------------

Command Line: -Dfile.encoding=Cp1252 RoomOrganisation.organisation

Host: Intel(R) Core(TM) i5-8350U CPU @ 1.70GHz, 8 cores, 7G,  Windows 10 , 64 bit Build 19041 (10.0.19041.1151)
Time: Wed Sep 29 00:00:58 2021 SE Asia Standard Time elapsed time: 0 seconds (0d 0h 0m 0s)

---------------  T H R E A D  ---------------

Current thread (0x00000179ac20b000):  JavaThread "Unknown thread" [_thread_in_vm, id=1464, stack(0x0000006fed200000,0x0000006fed300000)]

Stack: [0x0000006fed200000,0x0000006fed300000]
Native frames: (J=compiled Java code, j=interpreted, Vv=VM code, C=native code)
V  [jvm.dll+0x5f840a]
V  [jvm.dll+0x741e4a]
V  [jvm.dll+0x7435ff]
V  [jvm.dll+0x743c43]
V  [jvm.dll+0x20d288]
V  [jvm.dll+0x5f57ba]
V  [jvm.dll+0x5ea615]
V  [jvm.dll+0x2c7e9c]
V  [jvm.dll+0x2c7cd2]
V  [jvm.dll+0x2cdbbc]
V  [jvm.dll+0x313ff8]
V  [jvm.dll+0x313720]
V  [jvm.dll+0x2a092a]
V  [jvm.dll+0x2a1a79]
V  [jvm.dll+0x71f718]
V  [jvm.dll+0x321c44]
V  [jvm.dll+0x700b0c]
V  [jvm.dll+0x392dff]
V  [jvm.dll+0x394e71]
C  [jli.dll+0x523b]
C  [ucrtbase.dll+0x21bb2]
C  [KERNEL32.DLL+0x17034]
C  [ntdll.dll+0x52651]


---------------  P R O C E S S  ---------------

Threads class SMR info:
_java_thread_list=0x00007fff27153078, length=0, elements={
}

Java Threads: ( => current thread )

Other Threads:
  0x00000179ac24c800 GCTaskThread "GC Thread#0" [stack: 0x0000006fed300000,0x0000006fed400000] [id=16528]
  0x00000179ac25e800 ConcurrentGCThread "G1 Main Marker" [stack: 0x0000006fed400000,0x0000006fed500000] [id=6436]
  0x00000179ac260800 ConcurrentGCThread "G1 Conc#0" [stack: 0x0000006fed500000,0x0000006fed600000] [id=2804]

[error occurred during error reporting (printing all threads), id 0xc0000005, EXCEPTION_ACCESS_VIOLATION (0xc0000005) at pc=0x00007fff26981257]

VM state:not at safepoint (not fully initialized)

VM Mutex/Monitor currently owned by a thread:  ([mutex/lock_event])
[0x00000179ac207810] Heap_lock - owner thread: 0x00000179ac20b000

Heap address: 0x0000000082800000, size: 2008 MB, Compressed Oops mode: 32-bit
Narrow klass base: 0x0000000000000000, Narrow klass shift: 0

GC Heap History (0 events):
No events

Deoptimization events (0 events):
No events

Classes unloaded (0 events):
No events

Classes redefined (0 events):
No events

Internal exceptions (0 events):
No events

Events (2 events):
Event: 0.012 Loaded shared library C:\Program Files\Java\jdk-14.0.1\bin\java.dll
Event: 0.012 Loaded shared library C:\Program Files\Java\jdk-14.0.1\bin\zip.dll


Dynamic libraries:
0x00007ff785cd0000 - 0x00007ff785cdf000 	C:\Program Files\Java\jdk-14.0.1\bin\javaw.exe
0x00007fff7a2f0000 - 0x00007fff7a4e5000 	C:\WINDOWS\SYSTEM32\ntdll.dll
0x00007fff789f0000 - 0x00007fff78aad000 	C:\WINDOWS\System32\KERNEL32.DLL
0x00007fff77c50000 - 0x00007fff77f19000 	C:\WINDOWS\System32\KERNELBASE.dll
0x00007fff77fb0000 - 0x00007fff780b0000 	C:\WINDOWS\System32\ucrtbase.dll
0x00007fff640d0000 - 0x00007fff640e8000 	C:\Program Files\Java\jdk-14.0.1\bin\jli.dll
0x00007fff79db0000 - 0x00007fff79e5c000 	C:\WINDOWS\System32\ADVAPI32.dll
0x00007fff5d060000 - 0x00007fff5d075000 	C:\Program Files\Java\jdk-14.0.1\bin\VCRUNTIME140.dll
0x00007fff79ab0000 - 0x00007fff79b4e000 	C:\WINDOWS\System32\msvcrt.dll
0x00007fff79200000 - 0x00007fff7929b000 	C:\WINDOWS\System32\sechost.dll
0x00007fff788c0000 - 0x00007fff789ea000 	C:\WINDOWS\System32\RPCRT4.dll
0x00007fff79b50000 - 0x00007fff79cf0000 	C:\WINDOWS\System32\USER32.dll
0x00007fff77c20000 - 0x00007fff77c42000 	C:\WINDOWS\System32\win32u.dll
0x00007fff64210000 - 0x00007fff644aa000 	C:\WINDOWS\WinSxS\amd64_microsoft.windows.common-controls_6595b64144ccf1df_6.0.19041.1110_none_60b5254171f9507e\COMCTL32.dll
0x00007fff78ab0000 - 0x00007fff78ada000 	C:\WINDOWS\System32\GDI32.dll
0x00007fff78190000 - 0x00007fff7829b000 	C:\WINDOWS\System32\gdi32full.dll
0x00007fff77a20000 - 0x00007fff77abd000 	C:\WINDOWS\System32\msvcp_win.dll
0x00007fff6f950000 - 0x00007fff6f95a000 	C:\WINDOWS\SYSTEM32\VERSION.dll
0x00007fff78ae0000 - 0x00007fff78b10000 	C:\WINDOWS\System32\IMM32.DLL
0x00007fff45850000 - 0x00007fff458eb000 	C:\Program Files\Java\jdk-14.0.1\bin\msvcp140.dll
0x00007fff266d0000 - 0x00007fff271ee000 	C:\Program Files\Java\jdk-14.0.1\bin\server\jvm.dll
0x00007fff79da0000 - 0x00007fff79da8000 	C:\WINDOWS\System32\PSAPI.DLL
0x00007fff62630000 - 0x00007fff62657000 	C:\WINDOWS\SYSTEM32\WINMM.dll
0x00007fff5d220000 - 0x00007fff5d229000 	C:\WINDOWS\SYSTEM32\WSOCK32.dll
0x00007fff78be0000 - 0x00007fff78c4b000 	C:\WINDOWS\System32\WS2_32.dll
0x00007fff76300000 - 0x00007fff76312000 	C:\WINDOWS\SYSTEM32\kernel.appcore.dll
0x00007fff69240000 - 0x00007fff6924a000 	C:\Program Files\Java\jdk-14.0.1\bin\jimage.dll
0x00007fff74970000 - 0x00007fff74b54000 	C:\WINDOWS\SYSTEM32\DBGHELP.DLL
0x00007fff5d010000 - 0x00007fff5d03c000 	C:\WINDOWS\SYSTEM32\dbgcore.DLL
0x00007fff77f20000 - 0x00007fff77fa3000 	C:\WINDOWS\System32\bcryptPrimitives.dll
0x00007fff52860000 - 0x00007fff52885000 	C:\Program Files\Java\jdk-14.0.1\bin\java.dll
0x00007fff58be0000 - 0x00007fff58bf6000 	C:\Program Files\Java\jdk-14.0.1\bin\zip.dll

dbghelp: loaded successfully - version: 4.0.5 - missing functions: none
symbol engine: initialized successfully - sym options: 0x614 - pdb path: .;C:\Program Files\Java\jdk-14.0.1\bin;C:\WINDOWS\SYSTEM32;C:\WINDOWS\WinSxS\amd64_microsoft.windows.common-controls_6595b64144ccf1df_6.0.19041.1110_none_60b5254171f9507e;C:\Program Files\Java\jdk-14.0.1\bin\server

VM Arguments:
jvm_args: -Dfile.encoding=Cp1252 
java_command: RoomOrganisation.organisation
java_class_path (initial): C:\Users\thaol\git\ComSciIA\ComputerScienceIA\bin
Launcher Type: SUN_STANDARD

[Global flags]
     intx CICompilerCount                          = 4                                         {product} {ergonomic}
     uint ConcGCThreads                            = 2                                         {product} {ergonomic}
     uint G1ConcRefinementThreads                  = 8                                         {product} {ergonomic}
   size_t G1HeapRegionSize                         = 1048576                                   {product} {ergonomic}
    uintx GCDrainStackTargetSize                   = 64                                        {product} {ergonomic}
   size_t InitialHeapSize                          = 132120576                                 {product} {ergonomic}
   size_t MarkStackSize                            = 4194304                                   {product} {ergonomic}
   size_t MaxHeapSize                              = 2105540608                                {product} {ergonomic}
   size_t MinHeapDeltaBytes                        = 1048576                                   {product} {ergonomic}
   size_t MinHeapSize                              = 8388608                                   {product} {ergonomic}
    uintx NonNMethodCodeHeapSize                   = 5839372                                {pd product} {ergonomic}
    uintx NonProfiledCodeHeapSize                  = 122909434                              {pd product} {ergonomic}
    uintx ProfiledCodeHeapSize                     = 122909434                              {pd product} {ergonomic}
    uintx ReservedCodeCacheSize                    = 251658240                              {pd product} {ergonomic}
     bool SegmentedCodeCache                       = true                                      {product} {ergonomic}
   size_t SoftMaxHeapSize                          = 2105540608                             {manageable} {ergonomic}
     bool UseCompressedClassPointers               = true                                 {lp64_product} {ergonomic}
     bool UseCompressedOops                        = true                                 {lp64_product} {ergonomic}
     bool UseG1GC                                  = true                                      {product} {ergonomic}
     bool UseLargePagesIndividualAllocation        = false                                  {pd product} {ergonomic}

Logging:
Log output configuration:
 #0: stdout all=warning uptime,level,tags
 #1: stderr all=off uptime,level,tags

Environment Variables:
PATH=C:/Program Files/Java/jdk-14.0.1/bin/server;C:/Program Files/Java/jdk-14.0.1/bin;C:\Program Files (x86)\Common Files\Oracle\Java\javapath;C:\ProgramData\Oracle\Java\javapath;C:\WINDOWS\system32;C:\WINDOWS;C:\WINDOWS\System32\Wbem;C:\WINDOWS\System32\WindowsPowerShell\v1.0\;C:\WINDOWS\System32\OpenSSH\;C:\Program Files\Intel\WiFi\bin\;C:\Program Files\Common Files\Intel\WirelessCommon\;c:\Program Files (x86)\Intel\Intel(R) Management Engine Components\DAL;c:\Program Files\Intel\Intel(R) Management Engine Components\DAL;C:\Program Files (x86)\Calibre2\;C:\Users\thaol\AppData\Local\Microsoft\WindowsApps;;C:\Users\thaol\Desktop;
USERNAME=thaol
OS=Windows_NT
PROCESSOR_IDENTIFIER=Intel64 Family 6 Model 142 Stepping 10, GenuineIntel



---------------  S Y S T E M  ---------------

OS: Windows 10 , 64 bit Build 19041 (10.0.19041.1151)
OS uptime: 43 days 12:16 hours

CPU:total 8 (initial active 8) (4 cores per cpu, 2 threads per core) family 6 model 142 stepping 10, cmov, cx8, fxsr, mmx, sse, sse2, sse3, ssse3, sse4.1, sse4.2, popcnt, avx, avx2, aes, clmul, erms, rtm, 3dnowpref, lzcnt, ht, tsc, tscinvbit, bmi1, bmi2, adx, fma

Memory: 4k page, system-wide physical 8030M (770M free)
TotalPageFile size 13530M (AvailPageFile size 86M)
current process WorkingSet (physical memory assigned to process): 10M, peak: 10M
current process commit charge ("private bytes"): 60M, peak: 186M

vm_info: Java HotSpot(TM) 64-Bit Server VM (14.0.1+7) for windows-amd64 JRE (14.0.1+7), built on Mar  5 2020 10:30:14 by "mach5one" with MS VC++ 15.9 (VS2017)

END.
